# JRE version: OpenJDK Runtime Environment (7.0_55-b14) (build 1.7.0_55-b14)
# Java VM: OpenJDK 64-Bit Server VM (24.51-b03 mixed mode linux-amd64 compressed oops)
Heap
 def new generation   total 46464K, used 38935K [0x00000000d6400000, 0x00000000d9660000, 0x00000000e0b50000)
  eden space 41344K,  94% used [0x00000000d6400000, 0x00000000d8a05e40, 0x00000000d8c60000)
  from space 5120K,   0% used [0x00000000d9160000, 0x00000000d9160000, 0x00000000d9660000)
  to   space 5120K,   0% used [0x00000000d8c60000, 0x00000000d8c60000, 0x00000000d9160000)
 tenured generation   total 103040K, used 45078K [0x00000000e0b50000, 0x00000000e6ff0000, 0x00000000f5a00000)
   the space 103040K,  43% used [0x00000000e0b50000, 0x00000000e3755878, 0x00000000e3755a00, 0x00000000e6ff0000)
 compacting perm gen  total 38272K, used 38039K [0x00000000f5a00000, 0x00000000f7f60000, 0x0000000100000000)
   the space 38272K,  99% used [0x00000000f5a00000, 0x00000000f7f25e70, 0x00000000f7f26000, 0x00000000f7f60000)
GC Heap History (10 events):
Event: 294.758 GC heap before
{Heap before GC invocations=667 (full 39):
 def new generation   total 46464K, used 46464K [0x00000000d6400000, 0x00000000d9660000, 0x00000000e0b50000)
  eden space 41344K, 100% used [0x00000000d6400000, 0x00000000d8c60000, 0x00000000d8c60000)
  from space 5120K, 100% used [0x00000000d9160000, 0x00000000d9660000, 0x00000000d9660000)
  to   space 5120K,   0% used [0x00000000d8c60000, 0x00000000d8c60000, 0x00000000d9160000)
 tenured generation   total 103040K, used 93260K [0x00000000e0b50000, 0x00000000e6ff0000, 0x00000000f5a00000)
   the space 103040K,  90% used [0x00000000e0b50000, 0x00000000e66630d0, 0x00000000e6663200, 0x00000000e6ff0000)
 compacting perm gen  total 29312K, used 29302K [0x00000000f5a00000, 0x00000000f76a0000, 0x0000000100000000)
   the space 29312K,  99% used [0x00000000f5a00000, 0x00000000f769dad0, 0x00000000f769dc00, 0x00000000f76a0000)
No shared spaces configured.
Event: 294.806 GC heap after
Heap after GC invocations=668 (full 39):
 def new generation   total 46464K, used 5119K [0x00000000d6400000, 0x00000000d9660000, 0x00000000e0b50000)
  eden space 41344K,   0% used [0x00000000d6400000, 0x00000000d6400000, 0x00000000d8c60000)
  from space 5120K,  99% used [0x00000000d8c60000, 0x00000000d915fff8, 0x00000000d9160000)
  to   space 5120K,   0% used [0x00000000d9160000, 0x00000000d9160000, 0x00000000d9660000)
 tenured generation   total 103040K, used 98107K [0x00000000e0b50000, 0x00000000e6ff0000, 0x00000000f5a00000)
   the space 103040K,  95% used [0x00000000e0b50000, 0x00000000e6b1ed48, 0x00000000e6b1ee00, 0x00000000e6ff0000)
 compacting perm gen  total 29312K, used 29302K [0x00000000f5a00000, 0x00000000f76a0000, 0x0000000100000000)
   the space 29312K,  99% used [0x00000000f5a00000, 0x00000000f769dad0, 0x00000000f769dc00, 0x00000000f76a0000)
No shared spaces configured.
}
Event: 295.017 GC heap before
{Heap before GC invocations=668 (full 39):
 def new generation   total 46464K, used 46463K [0x00000000d6400000, 0x00000000d9660000, 0x00000000e0b50000)
  eden space 41344K, 100% used [0x00000000d6400000, 0x00000000d8c60000, 0x00000000d8c60000)
  from space 5120K,  99% used [0x00000000d8c60000, 0x00000000d915fff8, 0x00000000d9160000)
  to   space 5120K,   0% used [0x00000000d9160000, 0x00000000d9160000, 0x00000000d9660000)
 tenured generation   total 103040K, used 98107K [0x00000000e0b50000, 0x00000000e6ff0000, 0x00000000f5a00000)
   the space 103040K,  95% used [0x00000000e0b50000, 0x00000000e6b1ed48, 0x00000000e6b1ee00, 0x00000000e6ff0000)
 compacting perm gen  total 29312K, used 29302K [0x00000000f5a00000, 0x00000000f76a0000, 0x0000000100000000)
   the space 29312K,  99% used [0x00000000f5a00000, 0x00000000f769dad0, 0x00000000f769dc00, 0x00000000f76a0000)
No shared spaces configured.
Event: 295.061 GC heap after
Heap after GC invocations=669 (full 39):
 def new generation   total 46464K, used 5120K [0x00000000d6400000, 0x00000000d9660000, 0x00000000e0b50000)
  eden space 41344K,   0% used [0x00000000d6400000, 0x00000000d6400000, 0x00000000d8c60000)
  from space 5120K, 100% used [0x00000000d9160000, 0x00000000d9660000, 0x00000000d9660000)
  to   space 5120K,   0% used [0x00000000d8c60000, 0x00000000d8c60000, 0x00000000d9160000)
 tenured generation   total 103040K, used 102963K [0x00000000e0b50000, 0x00000000e6ff0000, 0x00000000f5a00000)
   the space 103040K,  99% used [0x00000000e0b50000, 0x00000000e6fdcd00, 0x00000000e6fdce00, 0x00000000e6ff0000)
 compacting perm gen  total 29312K, used 29302K [0x00000000f5a00000, 0x00000000f76a0000, 0x0000000100000000)
   the space 29312K,  99% used [0x00000000f5a00000, 0x00000000f769dad0, 0x00000000f769dc00, 0x00000000f76a0000)
No shared spaces configured.
}
Event: 295.369 GC heap before
{Heap before GC invocations=669 (full 39):
 def new generation   total 46464K, used 46464K [0x00000000d6400000, 0x00000000d9660000, 0x00000000e0b50000)
  eden space 41344K, 100% used [0x00000000d6400000, 0x00000000d8c60000, 0x00000000d8c60000)
  from space 5120K, 100% used [0x00000000d9160000, 0x00000000d9660000, 0x00000000d9660000)
  to   space 5120K,   0% used [0x00000000d8c60000, 0x00000000d8c60000, 0x00000000d9160000)
 tenured generation   total 103040K, used 102963K [0x00000000e0b50000, 0x00000000e6ff0000, 0x00000000f5a00000)
   the space 103040K,  99% used [0x00000000e0b50000, 0x00000000e6fdcd00, 0x00000000e6fdce00, 0x00000000e6ff0000)
 compacting perm gen  total 29312K, used 29302K [0x00000000f5a00000, 0x00000000f76a0000, 0x0000000100000000)
   the space 29312K,  99% used [0x00000000f5a00000, 0x00000000f769dad0, 0x00000000f769dc00, 0x00000000f76a0000)
No shared spaces configured.
Event: 295.777 GC heap after
Heap after GC invocations=670 (full 40):
 def new generation   total 46464K, used 0K [0x00000000d6400000, 0x00000000d9660000, 0x00000000e0b50000)
  eden space 41344K,   0% used [0x00000000d6400000, 0x00000000d6400000, 0x00000000d8c60000)
  from space 5120K,   0% used [0x00000000d8c60000, 0x00000000d8c60000, 0x00000000d9160000)
  to   space 5120K,   0% used [0x00000000d9160000, 0x00000000d9160000, 0x00000000d9660000)
 tenured generation   total 103040K, used 56271K [0x00000000e0b50000, 0x00000000e6ff0000, 0x00000000f5a00000)
   the space 103040K,  54% used [0x00000000e0b50000, 0x00000000e4243d50, 0x00000000e4243e00, 0x00000000e6ff0000)
 compacting perm gen  total 29312K, used 29302K [0x00000000f5a00000, 0x00000000f76a0000, 0x0000000100000000)
   the space 29312K,  99% used [0x00000000f5a00000, 0x00000000f769dad0, 0x00000000f769dc00, 0x00000000f76a0000)
No shared spaces configured.
}
Event: 297.011 GC heap before
{Heap before GC invocations=670 (full 40):
 def new generation   total 46464K, used 41344K [0x00000000d6400000, 0x00000000d9660000, 0x00000000e0b50000)
  eden space 41344K, 100% used [0x00000000d6400000, 0x00000000d8c60000, 0x00000000d8c60000)
  from space 5120K,   0% used [0x00000000d8c60000, 0x00000000d8c60000, 0x00000000d9160000)
  to   space 5120K,   0% used [0x00000000d9160000, 0x00000000d9160000, 0x00000000d9660000)
 tenured generation   total 103040K, used 56271K [0x00000000e0b50000, 0x00000000e6ff0000, 0x00000000f5a00000)
   the space 103040K,  54% used [0x00000000e0b50000, 0x00000000e4243d50, 0x00000000e4243e00, 0x00000000e6ff0000)
 compacting perm gen  total 30272K, used 30024K [0x00000000f5a00000, 0x00000000f7790000, 0x0000000100000000)
   the space 30272K,  99% used [0x00000000f5a00000, 0x00000000f77521c0, 0x00000000f7752200, 0x00000000f7790000)
No shared spaces configured.
Event: 297.034 GC heap after
Heap after GC invocations=671 (full 40):
 def new generation   total 46464K, used 5120K [0x00000000d6400000, 0x00000000d9660000, 0x00000000e0b50000)
  eden space 41344K,   0% used [0x00000000d6400000, 0x00000000d6400000, 0x00000000d8c60000)
  from space 5120K, 100% used [0x00000000d9160000, 0x00000000d9660000, 0x00000000d9660000)
  to   space 5120K,   0% used [0x00000000d8c60000, 0x00000000d8c60000, 0x00000000d9160000)
 tenured generation   total 103040K, used 61336K [0x00000000e0b50000, 0x00000000e6ff0000, 0x00000000f5a00000)
   the space 103040K,  59% used [0x00000000e0b50000, 0x00000000e4736000, 0x00000000e4736000, 0x00000000e6ff0000)
 compacting perm gen  total 30272K, used 30024K [0x00000000f5a00000, 0x00000000f7790000, 0x0000000100000000)
   the space 30272K,  99% used [0x00000000f5a00000, 0x00000000f77521c0, 0x00000000f7752200, 0x00000000f7790000)
No shared spaces configured.
}
Event: 303.846 GC heap before
{Heap before GC invocations=671 (full 40):
 def new generation   total 46464K, used 38486K [0x00000000d6400000, 0x00000000d9660000, 0x00000000e0b50000)
  eden space 41344K,  80% used [0x00000000d6400000, 0x00000000d8495890, 0x00000000d8c60000)
  from space 5120K, 100% used [0x00000000d9160000, 0x00000000d9660000, 0x00000000d9660000)
  to   space 5120K,   0% used [0x00000000d8c60000, 0x00000000d8c60000, 0x00000000d9160000)
 tenured generation   total 103040K, used 61336K [0x00000000e0b50000, 0x00000000e6ff0000, 0x00000000f5a00000)
   the space 103040K,  59% used [0x00000000e0b50000, 0x00000000e4736000, 0x00000000e4736000, 0x00000000e6ff0000)
 compacting perm gen  total 34752K, used 34751K [0x00000000f5a00000, 0x00000000f7bf0000, 0x0000000100000000)
   the space 34752K,  99% used [0x00000000f5a00000, 0x00000000f7befee8, 0x00000000f7bf0000, 0x00000000f7bf0000)
No shared spaces configured.
Event: 304.529 GC heap after
Heap after GC invocations=672 (full 41):
 def new generation   total 46464K, used 0K [0x00000000d6400000, 0x00000000d9660000, 0x00000000e0b50000)
  eden space 41344K,   0% used [0x00000000d6400000, 0x00000000d6400000, 0x00000000d8c60000)
  from space 5120K,   0% used [0x00000000d9160000, 0x00000000d9160000, 0x00000000d9660000)
  to   space 5120K,   0% used [0x00000000d8c60000, 0x00000000d8c60000, 0x00000000d9160000)
 tenured generation   total 103040K, used 45078K [0x00000000e0b50000, 0x00000000e6ff0000, 0x00000000f5a00000)
   the space 103040K,  43% used [0x00000000e0b50000, 0x00000000e3755878, 0x00000000e3755a00, 0x00000000e6ff0000)
 compacting perm gen  total 34752K, used 34751K [0x00000000f5a00000, 0x00000000f7bf0000, 0x0000000100000000)
   the space 34752K,  99% used [0x00000000f5a00000, 0x00000000f7befee8, 0x00000000f7bf0000, 0x00000000f7bf0000)
No shared spaces configured.
}

