# JRE version: OpenJDK Runtime Environment (7.0_55-b14) (build 1.7.0_55-b14)
# Java VM: OpenJDK 64-Bit Server VM (24.51-b03 mixed mode linux-amd64 compressed oops)
Heap
 def new generation   total 48768K, used 12529K [0x00000000d6400000, 0x00000000d98e0000, 0x00000000e0b50000)
  eden space 43392K,  28% used [0x00000000d6400000, 0x00000000d703c718, 0x00000000d8e60000)
  from space 5376K,   0% used [0x00000000d93a0000, 0x00000000d93a0000, 0x00000000d98e0000)
  to   space 5376K,   0% used [0x00000000d8e60000, 0x00000000d8e60000, 0x00000000d93a0000)
 tenured generation   total 108080K, used 55178K [0x00000000e0b50000, 0x00000000e74dc000, 0x00000000f5a00000)
   the space 108080K,  51% used [0x00000000e0b50000, 0x00000000e4132a20, 0x00000000e4132c00, 0x00000000e74dc000)
 compacting perm gen  total 56128K, used 56053K [0x00000000f5a00000, 0x00000000f90d0000, 0x0000000100000000)
   the space 56128K,  99% used [0x00000000f5a00000, 0x00000000f90bd680, 0x00000000f90bd800, 0x00000000f90d0000)
GC Heap History (10 events):
Event: 772.007 GC heap before
{Heap before GC invocations=760 (full 86):
 def new generation   total 48768K, used 43392K [0x00000000d6400000, 0x00000000d98e0000, 0x00000000e0b50000)
  eden space 43392K, 100% used [0x00000000d6400000, 0x00000000d8e60000, 0x00000000d8e60000)
  from space 5376K,   0% used [0x00000000d93a0000, 0x00000000d93a0000, 0x00000000d98e0000)
  to   space 5376K,   0% used [0x00000000d8e60000, 0x00000000d8e60000, 0x00000000d93a0000)
 tenured generation   total 108080K, used 63441K [0x00000000e0b50000, 0x00000000e74dc000, 0x00000000f5a00000)
   the space 108080K,  58% used [0x00000000e0b50000, 0x00000000e49447f8, 0x00000000e4944800, 0x00000000e74dc000)
 compacting perm gen  total 49728K, used 49492K [0x00000000f5a00000, 0x00000000f8a90000, 0x0000000100000000)
   the space 49728K,  99% used [0x00000000f5a00000, 0x00000000f8a55250, 0x00000000f8a55400, 0x00000000f8a90000)
No shared spaces configured.
Event: 772.154 GC heap after
Heap after GC invocations=761 (full 86):
 def new generation   total 48768K, used 5375K [0x00000000d6400000, 0x00000000d98e0000, 0x00000000e0b50000)
  eden space 43392K,   0% used [0x00000000d6400000, 0x00000000d6400000, 0x00000000d8e60000)
  from space 5376K,  99% used [0x00000000d8e60000, 0x00000000d939fff8, 0x00000000d93a0000)
  to   space 5376K,   0% used [0x00000000d93a0000, 0x00000000d93a0000, 0x00000000d98e0000)
 tenured generation   total 108080K, used 67524K [0x00000000e0b50000, 0x00000000e74dc000, 0x00000000f5a00000)
   the space 108080K,  62% used [0x00000000e0b50000, 0x00000000e4d41338, 0x00000000e4d41400, 0x00000000e74dc000)
 compacting perm gen  total 49728K, used 49492K [0x00000000f5a00000, 0x00000000f8a90000, 0x0000000100000000)
   the space 49728K,  99% used [0x00000000f5a00000, 0x00000000f8a55250, 0x00000000f8a55400, 0x00000000f8a90000)
No shared spaces configured.
}
Event: 772.772 GC heap before
{Heap before GC invocations=761 (full 86):
 def new generation   total 48768K, used 48667K [0x00000000d6400000, 0x00000000d98e0000, 0x00000000e0b50000)
  eden space 43392K,  99% used [0x00000000d6400000, 0x00000000d8e46ff0, 0x00000000d8e60000)
  from space 5376K,  99% used [0x00000000d8e60000, 0x00000000d939fff8, 0x00000000d93a0000)
  to   space 5376K,   0% used [0x00000000d93a0000, 0x00000000d93a0000, 0x00000000d98e0000)
 tenured generation   total 108080K, used 67524K [0x00000000e0b50000, 0x00000000e74dc000, 0x00000000f5a00000)
   the space 108080K,  62% used [0x00000000e0b50000, 0x00000000e4d41338, 0x00000000e4d41400, 0x00000000e74dc000)
 compacting perm gen  total 49728K, used 49492K [0x00000000f5a00000, 0x00000000f8a90000, 0x0000000100000000)
   the space 49728K,  99% used [0x00000000f5a00000, 0x00000000f8a55250, 0x00000000f8a55400, 0x00000000f8a90000)
No shared spaces configured.
Event: 772.962 GC heap after
Heap after GC invocations=762 (full 86):
 def new generation   total 48768K, used 5376K [0x00000000d6400000, 0x00000000d98e0000, 0x00000000e0b50000)
  eden space 43392K,   0% used [0x00000000d6400000, 0x00000000d6400000, 0x00000000d8e60000)
  from space 5376K, 100% used [0x00000000d93a0000, 0x00000000d98e0000, 0x00000000d98e0000)
  to   space 5376K,   0% used [0x00000000d8e60000, 0x00000000d8e60000, 0x00000000d93a0000)
 tenured generation   total 108080K, used 73025K [0x00000000e0b50000, 0x00000000e74dc000, 0x00000000f5a00000)
   the space 108080K,  67% used [0x00000000e0b50000, 0x00000000e52a07d0, 0x00000000e52a0800, 0x00000000e74dc000)
 compacting perm gen  total 49728K, used 49492K [0x00000000f5a00000, 0x00000000f8a90000, 0x0000000100000000)
   the space 49728K,  99% used [0x00000000f5a00000, 0x00000000f8a55250, 0x00000000f8a55400, 0x00000000f8a90000)
No shared spaces configured.
}
Event: 774.246 GC heap before
{Heap before GC invocations=762 (full 86):
 def new generation   total 48768K, used 48768K [0x00000000d6400000, 0x00000000d98e0000, 0x00000000e0b50000)
  eden space 43392K, 100% used [0x00000000d6400000, 0x00000000d8e60000, 0x00000000d8e60000)
  from space 5376K, 100% used [0x00000000d93a0000, 0x00000000d98e0000, 0x00000000d98e0000)
  to   space 5376K,   0% used [0x00000000d8e60000, 0x00000000d8e60000, 0x00000000d93a0000)
 tenured generation   total 108080K, used 73025K [0x00000000e0b50000, 0x00000000e74dc000, 0x00000000f5a00000)
   the space 108080K,  67% used [0x00000000e0b50000, 0x00000000e52a07d0, 0x00000000e52a0800, 0x00000000e74dc000)
 compacting perm gen  total 49728K, used 49492K [0x00000000f5a00000, 0x00000000f8a90000, 0x0000000100000000)
   the space 49728K,  99% used [0x00000000f5a00000, 0x00000000f8a55250, 0x00000000f8a55400, 0x00000000f8a90000)
No shared spaces configured.
Event: 774.395 GC heap after
Heap after GC invocations=763 (full 86):
 def new generation   total 48768K, used 5376K [0x00000000d6400000, 0x00000000d98e0000, 0x00000000e0b50000)
  eden space 43392K,   0% used [0x00000000d6400000, 0x00000000d6400000, 0x00000000d8e60000)
  from space 5376K, 100% used [0x00000000d8e60000, 0x00000000d93a0000, 0x00000000d93a0000)
  to   space 5376K,   0% used [0x00000000d93a0000, 0x00000000d93a0000, 0x00000000d98e0000)
 tenured generation   total 108080K, used 78744K [0x00000000e0b50000, 0x00000000e74dc000, 0x00000000f5a00000)
   the space 108080K,  72% used [0x00000000e0b50000, 0x00000000e5836088, 0x00000000e5836200, 0x00000000e74dc000)
 compacting perm gen  total 49728K, used 49492K [0x00000000f5a00000, 0x00000000f8a90000, 0x0000000100000000)
   the space 49728K,  99% used [0x00000000f5a00000, 0x00000000f8a55250, 0x00000000f8a55400, 0x00000000f8a90000)
No shared spaces configured.
}
Event: 778.508 GC heap before
{Heap before GC invocations=763 (full 86):
 def new generation   total 48768K, used 48768K [0x00000000d6400000, 0x00000000d98e0000, 0x00000000e0b50000)
  eden space 43392K, 100% used [0x00000000d6400000, 0x00000000d8e60000, 0x00000000d8e60000)
  from space 5376K, 100% used [0x00000000d8e60000, 0x00000000d93a0000, 0x00000000d93a0000)
  to   space 5376K,   0% used [0x00000000d93a0000, 0x00000000d93a0000, 0x00000000d98e0000)
 tenured generation   total 108080K, used 78744K [0x00000000e0b50000, 0x00000000e74dc000, 0x00000000f5a00000)
   the space 108080K,  72% used [0x00000000e0b50000, 0x00000000e5836088, 0x00000000e5836200, 0x00000000e74dc000)
 compacting perm gen  total 49728K, used 49643K [0x00000000f5a00000, 0x00000000f8a90000, 0x0000000100000000)
   the space 49728K,  99% used [0x00000000f5a00000, 0x00000000f8a7aee8, 0x00000000f8a7b000, 0x00000000f8a90000)
No shared spaces configured.
Event: 778.578 GC heap after
Heap after GC invocations=764 (full 86):
 def new generation   total 48768K, used 5375K [0x00000000d6400000, 0x00000000d98e0000, 0x00000000e0b50000)
  eden space 43392K,   0% used [0x00000000d6400000, 0x00000000d6400000, 0x00000000d8e60000)
  from space 5376K,  99% used [0x00000000d93a0000, 0x00000000d98dfff8, 0x00000000d98e0000)
  to   space 5376K,   0% used [0x00000000d8e60000, 0x00000000d8e60000, 0x00000000d93a0000)
 tenured generation   total 108080K, used 84496K [0x00000000e0b50000, 0x00000000e74dc000, 0x00000000f5a00000)
   the space 108080K,  78% used [0x00000000e0b50000, 0x00000000e5dd41a0, 0x00000000e5dd4200, 0x00000000e74dc000)
 compacting perm gen  total 49728K, used 49643K [0x00000000f5a00000, 0x00000000f8a90000, 0x0000000100000000)
   the space 49728K,  99% used [0x00000000f5a00000, 0x00000000f8a7aee8, 0x00000000f8a7b000, 0x00000000f8a90000)
No shared spaces configured.
}
Event: 793.030 GC heap before
{Heap before GC invocations=764 (full 86):
 def new generation   total 48768K, used 44368K [0x00000000d6400000, 0x00000000d98e0000, 0x00000000e0b50000)
  eden space 43392K,  89% used [0x00000000d6400000, 0x00000000d8a141a8, 0x00000000d8e60000)
  from space 5376K,  99% used [0x00000000d93a0000, 0x00000000d98dfff8, 0x00000000d98e0000)
  to   space 5376K,   0% used [0x00000000d8e60000, 0x00000000d8e60000, 0x00000000d93a0000)
 tenured generation   total 108080K, used 84496K [0x00000000e0b50000, 0x00000000e74dc000, 0x00000000f5a00000)
   the space 108080K,  78% used [0x00000000e0b50000, 0x00000000e5dd41a0, 0x00000000e5dd4200, 0x00000000e74dc000)
 compacting perm gen  total 55168K, used 55167K [0x00000000f5a00000, 0x00000000f8fe0000, 0x0000000100000000)
   the space 55168K,  99% used [0x00000000f5a00000, 0x00000000f8fdffc8, 0x00000000f8fe0000, 0x00000000f8fe0000)
No shared spaces configured.
Event: 794.624 GC heap after
Heap after GC invocations=765 (full 87):
 def new generation   total 48768K, used 0K [0x00000000d6400000, 0x00000000d98e0000, 0x00000000e0b50000)
  eden space 43392K,   0% used [0x00000000d6400000, 0x00000000d6400000, 0x00000000d8e60000)
  from space 5376K,   0% used [0x00000000d93a0000, 0x00000000d93a0000, 0x00000000d98e0000)
  to   space 5376K,   0% used [0x00000000d8e60000, 0x00000000d8e60000, 0x00000000d93a0000)
 tenured generation   total 108080K, used 55178K [0x00000000e0b50000, 0x00000000e74dc000, 0x00000000f5a00000)
   the space 108080K,  51% used [0x00000000e0b50000, 0x00000000e4132a20, 0x00000000e4132c00, 0x00000000e74dc000)
 compacting perm gen  total 55168K, used 55167K [0x00000000f5a00000, 0x00000000f8fe0000, 0x0000000100000000)
   the space 55168K,  99% used [0x00000000f5a00000, 0x00000000f8fdffc8, 0x00000000f8fe0000, 0x00000000f8fe0000)
No shared spaces configured.
}

