# JRE version: OpenJDK Runtime Environment (7.0_55-b14) (build 1.7.0_55-b14)
# Java VM: OpenJDK 64-Bit Server VM (24.51-b03 mixed mode linux-amd64 compressed oops)
Heap
 def new generation   total 47232K, used 47232K [0x00000000d6400000, 0x00000000d9740000, 0x00000000e0b50000)
  eden space 41984K, 100% used [0x00000000d6400000, 0x00000000d8d00000, 0x00000000d8d00000)
  from space 5248K, 100% used [0x00000000d9220000, 0x00000000d9740000, 0x00000000d9740000)
  to   space 5248K,  99% used [0x00000000d8d00000, 0x00000000d921fff8, 0x00000000d9220000)
 tenured generation   total 113872K, used 113871K [0x00000000e0b50000, 0x00000000e7a84000, 0x00000000f5a00000)
   the space 113872K,  99% used [0x00000000e0b50000, 0x00000000e7a83fc8, 0x00000000e7a84000, 0x00000000e7a84000)
 compacting perm gen  total 49728K, used 49485K [0x00000000f5a00000, 0x00000000f8a90000, 0x0000000100000000)
   the space 49728K,  99% used [0x00000000f5a00000, 0x00000000f8a53670, 0x00000000f8a53800, 0x00000000f8a90000)
GC Heap History (10 events):
Event: 514.443 GC heap after
Heap after GC invocations=619 (full 68):
 def new generation   total 47232K, used 5248K [0x00000000d6400000, 0x00000000d9740000, 0x00000000e0b50000)
  eden space 41984K,   0% used [0x00000000d6400000, 0x00000000d6400000, 0x00000000d8d00000)
  from space 5248K, 100% used [0x00000000d9220000, 0x00000000d9740000, 0x00000000d9740000)
  to   space 5248K,   0% used [0x00000000d8d00000, 0x00000000d8d00000, 0x00000000d9220000)
 tenured generation   total 104848K, used 80174K [0x00000000e0b50000, 0x00000000e71b4000, 0x00000000f5a00000)
   the space 104848K,  76% used [0x00000000e0b50000, 0x00000000e599b918, 0x00000000e599ba00, 0x00000000e71b4000)
 compacting perm gen  total 49728K, used 49485K [0x00000000f5a00000, 0x00000000f8a90000, 0x0000000100000000)
   the space 49728K,  99% used [0x00000000f5a00000, 0x00000000f8a53670, 0x00000000f8a53800, 0x00000000f8a90000)
No shared spaces configured.
}
Event: 514.713 GC heap before
{Heap before GC invocations=619 (full 68):
 def new generation   total 47232K, used 47232K [0x00000000d6400000, 0x00000000d9740000, 0x00000000e0b50000)
  eden space 41984K, 100% used [0x00000000d6400000, 0x00000000d8d00000, 0x00000000d8d00000)
  from space 5248K, 100% used [0x00000000d9220000, 0x00000000d9740000, 0x00000000d9740000)
  to   space 5248K,   0% used [0x00000000d8d00000, 0x00000000d8d00000, 0x00000000d9220000)
 tenured generation   total 104848K, used 80174K [0x00000000e0b50000, 0x00000000e71b4000, 0x00000000f5a00000)
   the space 104848K,  76% used [0x00000000e0b50000, 0x00000000e599b918, 0x00000000e599ba00, 0x00000000e71b4000)
 compacting perm gen  total 49728K, used 49485K [0x00000000f5a00000, 0x00000000f8a90000, 0x0000000100000000)
   the space 49728K,  99% used [0x00000000f5a00000, 0x00000000f8a53670, 0x00000000f8a53800, 0x00000000f8a90000)
No shared spaces configured.
Event: 514.784 GC heap after
Heap after GC invocations=620 (full 68):
 def new generation   total 47232K, used 5248K [0x00000000d6400000, 0x00000000d9740000, 0x00000000e0b50000)
  eden space 41984K,   0% used [0x00000000d6400000, 0x00000000d6400000, 0x00000000d8d00000)
  from space 5248K, 100% used [0x00000000d8d00000, 0x00000000d9220000, 0x00000000d9220000)
  to   space 5248K,   0% used [0x00000000d9220000, 0x00000000d9220000, 0x00000000d9740000)
 tenured generation   total 104848K, used 85121K [0x00000000e0b50000, 0x00000000e71b4000, 0x00000000f5a00000)
   the space 104848K,  81% used [0x00000000e0b50000, 0x00000000e5e70510, 0x00000000e5e70600, 0x00000000e71b4000)
 compacting perm gen  total 49728K, used 49485K [0x00000000f5a00000, 0x00000000f8a90000, 0x0000000100000000)
   the space 49728K,  99% used [0x00000000f5a00000, 0x00000000f8a53670, 0x00000000f8a53800, 0x00000000f8a90000)
No shared spaces configured.
}
Event: 515.059 GC heap before
{Heap before GC invocations=620 (full 68):
 def new generation   total 47232K, used 47217K [0x00000000d6400000, 0x00000000d9740000, 0x00000000e0b50000)
  eden space 41984K,  99% used [0x00000000d6400000, 0x00000000d8cfc410, 0x00000000d8d00000)
  from space 5248K, 100% used [0x00000000d8d00000, 0x00000000d9220000, 0x00000000d9220000)
  to   space 5248K,   0% used [0x00000000d9220000, 0x00000000d9220000, 0x00000000d9740000)
 tenured generation   total 104848K, used 85121K [0x00000000e0b50000, 0x00000000e71b4000, 0x00000000f5a00000)
   the space 104848K,  81% used [0x00000000e0b50000, 0x00000000e5e70510, 0x00000000e5e70600, 0x00000000e71b4000)
 compacting perm gen  total 49728K, used 49485K [0x00000000f5a00000, 0x00000000f8a90000, 0x0000000100000000)
   the space 49728K,  99% used [0x00000000f5a00000, 0x00000000f8a53670, 0x00000000f8a53800, 0x00000000f8a90000)
No shared spaces configured.
Event: 515.127 GC heap after
Heap after GC invocations=621 (full 68):
 def new generation   total 47232K, used 5247K [0x00000000d6400000, 0x00000000d9740000, 0x00000000e0b50000)
  eden space 41984K,   0% used [0x00000000d6400000, 0x00000000d6400000, 0x00000000d8d00000)
  from space 5248K,  99% used [0x00000000d9220000, 0x00000000d973fff8, 0x00000000d9740000)
  to   space 5248K,   0% used [0x00000000d8d00000, 0x00000000d8d00000, 0x00000000d9220000)
 tenured generation   total 104848K, used 89445K [0x00000000e0b50000, 0x00000000e71b4000, 0x00000000f5a00000)
   the space 104848K,  85% used [0x00000000e0b50000, 0x00000000e62a94d8, 0x00000000e62a9600, 0x00000000e71b4000)
 compacting perm gen  total 49728K, used 49485K [0x00000000f5a00000, 0x00000000f8a90000, 0x0000000100000000)
   the space 49728K,  99% used [0x00000000f5a00000, 0x00000000f8a53670, 0x00000000f8a53800, 0x00000000f8a90000)
No shared spaces configured.
}
Event: 515.359 GC heap before
{Heap before GC invocations=621 (full 68):
 def new generation   total 47232K, used 47231K [0x00000000d6400000, 0x00000000d9740000, 0x00000000e0b50000)
  eden space 41984K, 100% used [0x00000000d6400000, 0x00000000d8d00000, 0x00000000d8d00000)
  from space 5248K,  99% used [0x00000000d9220000, 0x00000000d973fff8, 0x00000000d9740000)
  to   space 5248K,   0% used [0x00000000d8d00000, 0x00000000d8d00000, 0x00000000d9220000)
 tenured generation   total 104848K, used 89445K [0x00000000e0b50000, 0x00000000e71b4000, 0x00000000f5a00000)
   the space 104848K,  85% used [0x00000000e0b50000, 0x00000000e62a94d8, 0x00000000e62a9600, 0x00000000e71b4000)
 compacting perm gen  total 49728K, used 49485K [0x00000000f5a00000, 0x00000000f8a90000, 0x0000000100000000)
   the space 49728K,  99% used [0x00000000f5a00000, 0x00000000f8a53670, 0x00000000f8a53800, 0x00000000f8a90000)
No shared spaces configured.
Event: 515.434 GC heap after
Heap after GC invocations=622 (full 68):
 def new generation   total 47232K, used 5248K [0x00000000d6400000, 0x00000000d9740000, 0x00000000e0b50000)
  eden space 41984K,   0% used [0x00000000d6400000, 0x00000000d6400000, 0x00000000d8d00000)
  from space 5248K, 100% used [0x00000000d8d00000, 0x00000000d9220000, 0x00000000d9220000)
  to   space 5248K,   0% used [0x00000000d9220000, 0x00000000d9220000, 0x00000000d9740000)
 tenured generation   total 104848K, used 94265K [0x00000000e0b50000, 0x00000000e71b4000, 0x00000000f5a00000)
   the space 104848K,  89% used [0x00000000e0b50000, 0x00000000e675e5c0, 0x00000000e675e600, 0x00000000e71b4000)
 compacting perm gen  total 49728K, used 49485K [0x00000000f5a00000, 0x00000000f8a90000, 0x0000000100000000)
   the space 49728K,  99% used [0x00000000f5a00000, 0x00000000f8a53670, 0x00000000f8a53800, 0x00000000f8a90000)
No shared spaces configured.
}
Event: 516.699 GC heap before
{Heap before GC invocations=622 (full 68):
 def new generation   total 47232K, used 47232K [0x00000000d6400000, 0x00000000d9740000, 0x00000000e0b50000)
  eden space 41984K, 100% used [0x00000000d6400000, 0x00000000d8d00000, 0x00000000d8d00000)
  from space 5248K, 100% used [0x00000000d8d00000, 0x00000000d9220000, 0x00000000d9220000)
  to   space 5248K,   0% used [0x00000000d9220000, 0x00000000d9220000, 0x00000000d9740000)
 tenured generation   total 104848K, used 94265K [0x00000000e0b50000, 0x00000000e71b4000, 0x00000000f5a00000)
   the space 104848K,  89% used [0x00000000e0b50000, 0x00000000e675e5c0, 0x00000000e675e600, 0x00000000e71b4000)
 compacting perm gen  total 49728K, used 49485K [0x00000000f5a00000, 0x00000000f8a90000, 0x0000000100000000)
   the space 49728K,  99% used [0x00000000f5a00000, 0x00000000f8a53670, 0x00000000f8a53800, 0x00000000f8a90000)
No shared spaces configured.
Event: 516.917 GC heap after
Heap after GC invocations=623 (full 68):
 def new generation   total 47232K, used 5248K [0x00000000d6400000, 0x00000000d9740000, 0x00000000e0b50000)
  eden space 41984K,   0% used [0x00000000d6400000, 0x00000000d6400000, 0x00000000d8d00000)
  from space 5248K, 100% used [0x00000000d9220000, 0x00000000d9740000, 0x00000000d9740000)
  to   space 5248K,   0% used [0x00000000d8d00000, 0x00000000d8d00000, 0x00000000d9220000)
 tenured generation   total 104848K, used 102774K [0x00000000e0b50000, 0x00000000e71b4000, 0x00000000f5a00000)
   the space 104848K,  98% used [0x00000000e0b50000, 0x00000000e6fad9e8, 0x00000000e6fada00, 0x00000000e71b4000)
 compacting perm gen  total 49728K, used 49485K [0x00000000f5a00000, 0x00000000f8a90000, 0x0000000100000000)
   the space 49728K,  99% used [0x00000000f5a00000, 0x00000000f8a53670, 0x00000000f8a53800, 0x00000000f8a90000)
No shared spaces configured.
}
Event: 518.414 GC heap before
{Heap before GC invocations=623 (full 68):
 def new generation   total 47232K, used 47232K [0x00000000d6400000, 0x00000000d9740000, 0x00000000e0b50000)
  eden space 41984K, 100% used [0x00000000d6400000, 0x00000000d8d00000, 0x00000000d8d00000)
  from space 5248K, 100% used [0x00000000d9220000, 0x00000000d9740000, 0x00000000d9740000)
  to   space 5248K,   0% used [0x00000000d8d00000, 0x00000000d8d00000, 0x00000000d9220000)
 tenured generation   total 104848K, used 102774K [0x00000000e0b50000, 0x00000000e71b4000, 0x00000000f5a00000)
   the space 104848K,  98% used [0x00000000e0b50000, 0x00000000e6fad9e8, 0x00000000e6fada00, 0x00000000e71b4000)
 compacting perm gen  total 49728K, used 49485K [0x00000000f5a00000, 0x00000000f8a90000, 0x0000000100000000)
   the space 49728K,  99% used [0x00000000f5a00000, 0x00000000f8a53670, 0x00000000f8a53800, 0x00000000f8a90000)
No shared spaces configured.

