# JRE version: OpenJDK Runtime Environment (7.0_55-b14) (build 1.7.0_55-b14)
# Java VM: OpenJDK 64-Bit Server VM (24.51-b03 mixed mode linux-amd64 compressed oops)
Heap
 def new generation   total 42752K, used 42752K [0x00000000d6400000, 0x00000000d9260000, 0x00000000e0b50000)
  eden space 38016K, 100% used [0x00000000d6400000, 0x00000000d8920000, 0x00000000d8920000)
  from space 4736K, 100% used [0x00000000d8920000, 0x00000000d8dc0000, 0x00000000d8dc0000)
  to   space 4736K, 100% used [0x00000000d8dc0000, 0x00000000d9260000, 0x00000000d9260000)
 tenured generation   total 94832K, used 94831K [0x00000000e0b50000, 0x00000000e67ec000, 0x00000000f5a00000)
   the space 94832K,  99% used [0x00000000e0b50000, 0x00000000e67ebff8, 0x00000000e67ec000, 0x00000000e67ec000)
 compacting perm gen  total 50368K, used 50054K [0x00000000f5a00000, 0x00000000f8b30000, 0x0000000100000000)
   the space 50368K,  99% used [0x00000000f5a00000, 0x00000000f8ae1bd0, 0x00000000f8ae1c00, 0x00000000f8b30000)
GC Heap History (10 events):
Event: 569.685 GC heap after
Heap after GC invocations=773 (full 89):
 def new generation   total 42752K, used 4736K [0x00000000d6400000, 0x00000000d9260000, 0x00000000e0b50000)
  eden space 38016K,   0% used [0x00000000d6400000, 0x00000000d6400000, 0x00000000d8920000)
  from space 4736K, 100% used [0x00000000d8920000, 0x00000000d8dc0000, 0x00000000d8dc0000)
  to   space 4736K,   0% used [0x00000000d8dc0000, 0x00000000d8dc0000, 0x00000000d9260000)
 tenured generation   total 94832K, used 72156K [0x00000000e0b50000, 0x00000000e67ec000, 0x00000000f5a00000)
   the space 94832K,  76% used [0x00000000e0b50000, 0x00000000e51c7000, 0x00000000e51c7000, 0x00000000e67ec000)
 compacting perm gen  total 50368K, used 50054K [0x00000000f5a00000, 0x00000000f8b30000, 0x0000000100000000)
   the space 50368K,  99% used [0x00000000f5a00000, 0x00000000f8ae1bd0, 0x00000000f8ae1c00, 0x00000000f8b30000)
No shared spaces configured.
}
Event: 569.865 GC heap before
{Heap before GC invocations=773 (full 89):
 def new generation   total 42752K, used 42752K [0x00000000d6400000, 0x00000000d9260000, 0x00000000e0b50000)
  eden space 38016K, 100% used [0x00000000d6400000, 0x00000000d8920000, 0x00000000d8920000)
  from space 4736K, 100% used [0x00000000d8920000, 0x00000000d8dc0000, 0x00000000d8dc0000)
  to   space 4736K,   0% used [0x00000000d8dc0000, 0x00000000d8dc0000, 0x00000000d9260000)
 tenured generation   total 94832K, used 72156K [0x00000000e0b50000, 0x00000000e67ec000, 0x00000000f5a00000)
   the space 94832K,  76% used [0x00000000e0b50000, 0x00000000e51c7000, 0x00000000e51c7000, 0x00000000e67ec000)
 compacting perm gen  total 50368K, used 50054K [0x00000000f5a00000, 0x00000000f8b30000, 0x0000000100000000)
   the space 50368K,  99% used [0x00000000f5a00000, 0x00000000f8ae1bd0, 0x00000000f8ae1c00, 0x00000000f8b30000)
No shared spaces configured.
Event: 569.969 GC heap after
Heap after GC invocations=774 (full 89):
 def new generation   total 42752K, used 4735K [0x00000000d6400000, 0x00000000d9260000, 0x00000000e0b50000)
  eden space 38016K,   0% used [0x00000000d6400000, 0x00000000d6400000, 0x00000000d8920000)
  from space 4736K,  99% used [0x00000000d8dc0000, 0x00000000d925fff8, 0x00000000d9260000)
  to   space 4736K,   0% used [0x00000000d8920000, 0x00000000d8920000, 0x00000000d8dc0000)
 tenured generation   total 94832K, used 76242K [0x00000000e0b50000, 0x00000000e67ec000, 0x00000000f5a00000)
   the space 94832K,  80% used [0x00000000e0b50000, 0x00000000e55c4a30, 0x00000000e55c4c00, 0x00000000e67ec000)
 compacting perm gen  total 50368K, used 50054K [0x00000000f5a00000, 0x00000000f8b30000, 0x0000000100000000)
   the space 50368K,  99% used [0x00000000f5a00000, 0x00000000f8ae1bd0, 0x00000000f8ae1c00, 0x00000000f8b30000)
No shared spaces configured.
}
Event: 570.191 GC heap before
{Heap before GC invocations=774 (full 89):
 def new generation   total 42752K, used 42751K [0x00000000d6400000, 0x00000000d9260000, 0x00000000e0b50000)
  eden space 38016K, 100% used [0x00000000d6400000, 0x00000000d8920000, 0x00000000d8920000)
  from space 4736K,  99% used [0x00000000d8dc0000, 0x00000000d925fff8, 0x00000000d9260000)
  to   space 4736K,   0% used [0x00000000d8920000, 0x00000000d8920000, 0x00000000d8dc0000)
 tenured generation   total 94832K, used 76242K [0x00000000e0b50000, 0x00000000e67ec000, 0x00000000f5a00000)
   the space 94832K,  80% used [0x00000000e0b50000, 0x00000000e55c4a30, 0x00000000e55c4c00, 0x00000000e67ec000)
 compacting perm gen  total 50368K, used 50054K [0x00000000f5a00000, 0x00000000f8b30000, 0x0000000100000000)
   the space 50368K,  99% used [0x00000000f5a00000, 0x00000000f8ae1bd0, 0x00000000f8ae1c00, 0x00000000f8b30000)
No shared spaces configured.
Event: 570.277 GC heap after
Heap after GC invocations=775 (full 89):
 def new generation   total 42752K, used 4736K [0x00000000d6400000, 0x00000000d9260000, 0x00000000e0b50000)
  eden space 38016K,   0% used [0x00000000d6400000, 0x00000000d6400000, 0x00000000d8920000)
  from space 4736K, 100% used [0x00000000d8920000, 0x00000000d8dc0000, 0x00000000d8dc0000)
  to   space 4736K,   0% used [0x00000000d8dc0000, 0x00000000d8dc0000, 0x00000000d9260000)
 tenured generation   total 94832K, used 81050K [0x00000000e0b50000, 0x00000000e67ec000, 0x00000000f5a00000)
   the space 94832K,  85% used [0x00000000e0b50000, 0x00000000e5a76ad0, 0x00000000e5a76c00, 0x00000000e67ec000)
 compacting perm gen  total 50368K, used 50054K [0x00000000f5a00000, 0x00000000f8b30000, 0x0000000100000000)
   the space 50368K,  99% used [0x00000000f5a00000, 0x00000000f8ae1bd0, 0x00000000f8ae1c00, 0x00000000f8b30000)
No shared spaces configured.
}
Event: 570.724 GC heap before
{Heap before GC invocations=775 (full 89):
 def new generation   total 42752K, used 42752K [0x00000000d6400000, 0x00000000d9260000, 0x00000000e0b50000)
  eden space 38016K, 100% used [0x00000000d6400000, 0x00000000d8920000, 0x00000000d8920000)
  from space 4736K, 100% used [0x00000000d8920000, 0x00000000d8dc0000, 0x00000000d8dc0000)
  to   space 4736K,   0% used [0x00000000d8dc0000, 0x00000000d8dc0000, 0x00000000d9260000)
 tenured generation   total 94832K, used 81050K [0x00000000e0b50000, 0x00000000e67ec000, 0x00000000f5a00000)
   the space 94832K,  85% used [0x00000000e0b50000, 0x00000000e5a76ad0, 0x00000000e5a76c00, 0x00000000e67ec000)
 compacting perm gen  total 50368K, used 50054K [0x00000000f5a00000, 0x00000000f8b30000, 0x0000000100000000)
   the space 50368K,  99% used [0x00000000f5a00000, 0x00000000f8ae1bd0, 0x00000000f8ae1c00, 0x00000000f8b30000)
No shared spaces configured.
Event: 571.066 GC heap after
Heap after GC invocations=776 (full 89):
 def new generation   total 42752K, used 4735K [0x00000000d6400000, 0x00000000d9260000, 0x00000000e0b50000)
  eden space 38016K,   0% used [0x00000000d6400000, 0x00000000d6400000, 0x00000000d8920000)
  from space 4736K,  99% used [0x00000000d8dc0000, 0x00000000d925fff8, 0x00000000d9260000)
  to   space 4736K,   0% used [0x00000000d8920000, 0x00000000d8920000, 0x00000000d8dc0000)
 tenured generation   total 94832K, used 85586K [0x00000000e0b50000, 0x00000000e67ec000, 0x00000000f5a00000)
   the space 94832K,  90% used [0x00000000e0b50000, 0x00000000e5ee4be0, 0x00000000e5ee4c00, 0x00000000e67ec000)
 compacting perm gen  total 50368K, used 50054K [0x00000000f5a00000, 0x00000000f8b30000, 0x0000000100000000)
   the space 50368K,  99% used [0x00000000f5a00000, 0x00000000f8ae1bd0, 0x00000000f8ae1c00, 0x00000000f8b30000)
No shared spaces configured.
}
Event: 574.577 GC heap before
{Heap before GC invocations=776 (full 89):
 def new generation   total 42752K, used 42751K [0x00000000d6400000, 0x00000000d9260000, 0x00000000e0b50000)
  eden space 38016K, 100% used [0x00000000d6400000, 0x00000000d8920000, 0x00000000d8920000)
  from space 4736K,  99% used [0x00000000d8dc0000, 0x00000000d925fff8, 0x00000000d9260000)
  to   space 4736K,   0% used [0x00000000d8920000, 0x00000000d8920000, 0x00000000d8dc0000)
 tenured generation   total 94832K, used 85586K [0x00000000e0b50000, 0x00000000e67ec000, 0x00000000f5a00000)
   the space 94832K,  90% used [0x00000000e0b50000, 0x00000000e5ee4be0, 0x00000000e5ee4c00, 0x00000000e67ec000)
 compacting perm gen  total 50368K, used 50054K [0x00000000f5a00000, 0x00000000f8b30000, 0x0000000100000000)
   the space 50368K,  99% used [0x00000000f5a00000, 0x00000000f8ae1bd0, 0x00000000f8ae1c00, 0x00000000f8b30000)
No shared spaces configured.
Event: 574.768 GC heap after
Heap after GC invocations=777 (full 89):
 def new generation   total 42752K, used 4736K [0x00000000d6400000, 0x00000000d9260000, 0x00000000e0b50000)
  eden space 38016K,   0% used [0x00000000d6400000, 0x00000000d6400000, 0x00000000d8920000)
  from space 4736K, 100% used [0x00000000d8920000, 0x00000000d8dc0000, 0x00000000d8dc0000)
  to   space 4736K,   0% used [0x00000000d8dc0000, 0x00000000d8dc0000, 0x00000000d9260000)
 tenured generation   total 94832K, used 90698K [0x00000000e0b50000, 0x00000000e67ec000, 0x00000000f5a00000)
   the space 94832K,  95% used [0x00000000e0b50000, 0x00000000e63e2bc0, 0x00000000e63e2c00, 0x00000000e67ec000)
 compacting perm gen  total 50368K, used 50054K [0x00000000f5a00000, 0x00000000f8b30000, 0x0000000100000000)
   the space 50368K,  99% used [0x00000000f5a00000, 0x00000000f8ae1bd0, 0x00000000f8ae1c00, 0x00000000f8b30000)
No shared spaces configured.
}
Event: 575.137 GC heap before
{Heap before GC invocations=777 (full 89):
 def new generation   total 42752K, used 42752K [0x00000000d6400000, 0x00000000d9260000, 0x00000000e0b50000)
  eden space 38016K, 100% used [0x00000000d6400000, 0x00000000d8920000, 0x00000000d8920000)
  from space 4736K, 100% used [0x00000000d8920000, 0x00000000d8dc0000, 0x00000000d8dc0000)
  to   space 4736K,   0% used [0x00000000d8dc0000, 0x00000000d8dc0000, 0x00000000d9260000)
 tenured generation   total 94832K, used 90698K [0x00000000e0b50000, 0x00000000e67ec000, 0x00000000f5a00000)
   the space 94832K,  95% used [0x00000000e0b50000, 0x00000000e63e2bc0, 0x00000000e63e2c00, 0x00000000e67ec000)
 compacting perm gen  total 50368K, used 50054K [0x00000000f5a00000, 0x00000000f8b30000, 0x0000000100000000)
   the space 50368K,  99% used [0x00000000f5a00000, 0x00000000f8ae1bd0, 0x00000000f8ae1c00, 0x00000000f8b30000)
No shared spaces configured.

